<?xml version="1.0" encoding="UTF-8" ?>
<testsuite errors="7" failures="0" hostname="E077TWHORTEN-7L" name="warmup.QuadraticTest" skipped="0" tests="8" time="0.133" timestamp="2017-01-20T20:18:24">
  <properties>
    <property name="java.vendor" value="Oracle Corporation" />
    <property name="sun.java.launcher" value="SUN_STANDARD" />
    <property name="eclipse.pdebuild.templates" value="/C:/Users/twhorten/eclipse/jee-neon/eclipse/../../../.p2/pool/plugins/org.eclipse.pde.build_3.9.200.v20160204-0642/templates/" />
    <property name="sun.management.compiler" value="HotSpot 64-Bit Tiered Compilers" />
    <property name="build.sysclasspath" value="ignore" />
    <property name="os.name" value="Windows 7" />
    <property name="sun.boot.class.path" value="C:\Program Files\Java\jdk1.8.0_40\jre\lib\resources.jar;C:\Program Files\Java\jdk1.8.0_40\jre\lib\rt.jar;C:\Program Files\Java\jdk1.8.0_40\jre\lib\sunrsasign.jar;C:\Program Files\Java\jdk1.8.0_40\jre\lib\jsse.jar;C:\Program Files\Java\jdk1.8.0_40\jre\lib\jce.jar;C:\Program Files\Java\jdk1.8.0_40\jre\lib\charsets.jar;C:\Program Files\Java\jdk1.8.0_40\jre\lib\jfr.jar;C:\Program Files\Java\jdk1.8.0_40\jre\classes" />
    <property name="sun.desktop" value="windows" />
    <property name="java.vm.specification.vendor" value="Oracle Corporation" />
    <property name="ant.home" value="C:\Users\twhorten\.p2\pool\plugins\org.apache.ant_1.9.6.v201510161327" />
    <property name="java.runtime.version" value="1.8.0_40-b26" />
    <property name="user.name" value="TWhorten" />
    <property name="ant.build.javac.target" value="1.8" />
    <property name="user.language" value="en" />
    <property name="sun.boot.library.path" value="C:\Program Files\Java\jdk1.8.0_40\jre\bin" />
    <property name="grader.report.file" value="my-grader-report.xml" />
    <property name="ant.project.default-target" value="all" />
    <property name="java.version" value="1.8.0_40" />
    <property name="user.timezone" value="America/Denver" />
    <property name="sun.arch.data.model" value="64" />
    <property name="java.endorsed.dirs" value="C:\Program Files\Java\jdk1.8.0_40\jre\lib\endorsed" />
    <property name="sun.cpu.isalist" value="amd64" />
    <property name="sun.jnu.encoding" value="Cp1252" />
    <property name="file.encoding.pkg" value="sun.io" />
    <property name="file.separator" value="\" />
    <property name="java.specification.name" value="Java Platform API Specification" />
    <property name="java.class.version" value="52.0" />
    <property name="user.country" value="US" />
    <property name="java.home" value="C:\Program Files\Java\jdk1.8.0_40\jre" />
    <property name="java.vm.info" value="mixed mode" />
    <property name="ant.file" value="C:\Projects\MIT 6.005\src\mit\psets\ps1\grader.xml" />
    <property name="os.version" value="6.1" />
    <property name="final.grader.jar" value="ps1-final-grader.jar" />
    <property name="path.separator" value=";" />
    <property name="java.vm.version" value="25.40-b25" />
    <property name="user.variant" value="" />
    <property name="ant.library.dir" value="C:\Users\twhorten\.p2\pool\plugins\org.apache.ant_1.9.6.v201510161327\lib" />
    <property name="java.awt.printerjob" value="sun.awt.windows.WPrinterJob" />
    <property name="sun.io.unicode.encoding" value="UnicodeLittle" />
    <property name="awt.toolkit" value="sun.awt.windows.WToolkit" />
    <property name="user.script" value="" />
    <property name="eclipse.pdebuild.scripts" value="/C:/Users/twhorten/eclipse/jee-neon/eclipse/../../../.p2/pool/plugins/org.eclipse.pde.build_3.9.200.v20160204-0642/scripts/" />
    <property name="user.home" value="C:\Users\twhorten" />
    <property name="java.specification.vendor" value="Oracle Corporation" />
    <property name="which.tests.ran" value="BETA" />
    <property name="java.library.path" value="C:\Program Files\Java\jdk1.8.0_40\jre\bin;C:\Windows\Sun\Java\bin;C:\Windows\system32;C:\Windows;C:/Program Files/Java/jre1.8.0_111/bin/server;C:/Program Files/Java/jre1.8.0_111/bin;C:/Program Files/Java/jre1.8.0_111/lib/amd64;C:\ProgramData\Oracle\Java\javapath;C:\Ruby22-x64\bin;C:\Users\twhorten\Maven\apache-maven-3.3.3\bin;C:\Program Files\Java\jdk1.7.0_79\bin;C:\Program Files\Google\Cloud SDK\google-cloud-sdk\bin;C:\Windows\System32;C:\Program Files (x86)\Windows Kits\8.0\Windows Performance Toolkit\;C:\Windows\System32\WindowsPowerShell\v1.0\;C:\Program Files\Microsoft\Web Platform Installer\;C:\ProgramData\chocolatey\bin;C:\Program Files\Java\jre1.8.0_51\bin;c:\Program Files (x86)\Microsoft SQL Server\100\Tools\Binn\;c:\Program Files\Microsoft SQL Server\100\Tools\Binn\;c:\Program Files\Microsoft SQL Server\100\DTS\Binn\;c:\Program Files (x86)\Microsoft SQL Server\100\Tools\Binn\VSShell\Common7\IDE\;c:\Program Files (x86)\Microsoft Visual Studio 9.0\Common7\IDE\PrivateAssemblies\;c:\Program Files (x86)\Microsoft SQL Server\100\DTS\Binn\;C:\Program Files\Microsoft SQL Server\120\Tools\Binn\;c:\Program Files\Microsoft SQL Server\120\DTS\Binn\;c:\Program Files\Microsoft SQL Server\Client SDK\ODBC\110\Tools\Binn\;c:\Program Files (x86)\Microsoft SQL Server\120\Tools\Binn\ManagementStudio\;c:\Program Files (x86)\Microsoft SQL Server\120\Tools\Binn\;c:\Program Files (x86)\Microsoft SQL Server\120\DTS\Binn\;c:\Program Files (x86)\Microsoft SQL Server\90\Tools\binn\;C:\Program Files (x86)\Skype\Phone\;C:\Program Files\Git\cmd;C:\Program Files\Git\mingw64\bin;C:\Program Files\Git\usr\bin;C:\Program Files\nodejs\;C:\Program Files (x86)\Google\Cloud SDK\google-cloud-sdk\bin;C:\Program Files (x86)\GitExtensions\;C:\Users\twhorten\AppData\Local\Continuum\Anaconda3;C:\Users\twhorten\AppData\Local\Continuum\Anaconda3\Scripts;C:\Users\twhorten\AppData\Local\Continuum\Anaconda3\Library\bin;C:\SDKs\appengine-java-sdk-1.9.25\bin;C:\ProgramData\chocolatey\lib\Git-TF\Tools\git-tf-2.0.3.20131219;C:\tools\gittfs;C:\python27_x64;;C:\Program Files (x86)\Microsoft VS Code\bin;C:\Users\twhorten\AppData\Roaming\npm;C:\Users\twhorten\Desktop;;." />
    <property name="java.vendor.url" value="http://java.oracle.com/" />
    <property name="java.vm.vendor" value="Oracle Corporation" />
    <property name="java.runtime.name" value="Java(TM) SE Runtime Environment" />
    <property name="beta.grader.jar" value="ps1-beta-grader.jar" />
    <property name="sun.java.command" value="org.apache.tools.ant.taskdefs.optional.junit.JUnitTestRunner warmup.QuadraticTest skipNonTests=false filtertrace=true haltOnError=false haltOnFailure=false showoutput=false outputtoformatters=true logfailedtests=true threadid=0 logtestlistenerevents=false formatter=org.apache.tools.ant.taskdefs.optional.junit.XMLJUnitResultFormatter,C:\Projects\MIT 6.005\src\mit\psets\ps1\.grader\TEST-warmup.QuadraticTest.xml crashfile=C:\Projects\MIT 6.005\src\mit\psets\ps1\.grader\junitvmwatcher1053475596011178662.properties propsfile=C:\Projects\MIT 6.005\src\mit\psets\ps1\.grader\junit7541207674769964124.properties" />
    <property name="java.class.path" value="C:\Projects\MIT 6.005\src\mit\psets\ps1\lib\junit-4.12.jar;C:\Projects\MIT 6.005\src\mit\psets\ps1\lib\hamcrest-core-1.3.jar;C:\Projects\MIT 6.005\src\mit\psets\ps1\.grader\bin-student;C:\Projects\MIT 6.005\src\mit\psets\ps1;C:\Users\twhorten\skeleton\lib\algs4-package.jar;C:\Users\twhorten\skeleton\lib\algs4.jar;C:\Users\twhorten\skeleton\lib\checkstyle-5.9-all.jar;C:\Users\twhorten\skeleton\lib\gjdb.jar;C:\Users\twhorten\skeleton\lib\hamcrest-core-1.3.jar;C:\Users\twhorten\skeleton\lib\jh61b.jar;C:\Users\twhorten\skeleton\lib\junit-4.12.jar;C:\Users\twhorten\skeleton\lib\StaffGitlet_obf.jar;C:\Users\twhorten\skeleton\lib\staffp0_obf.jar;C:\Users\twhorten\skeleton\lib\stdlib-package.jar;C:\Users\twhorten\skeleton\lib\stdlib.jar;C:\Users\twhorten\skeleton\lib\xchart-2.4.3.jar;C:\Users\twhorten\.p2\pool\plugins\org.apache.ant_1.9.6.v201510161327\lib\ant-launcher.jar;C:\Users\twhorten\.p2\pool\plugins\org.apache.ant_1.9.6.v201510161327\lib\ant.jar;C:\Users\twhorten\.p2\pool\plugins\org.apache.ant_1.9.6.v201510161327\lib\ant-junit.jar;C:\Users\twhorten\.p2\pool\plugins\org.apache.ant_1.9.6.v201510161327\lib\ant-junit4.jar" />
    <property name="ant.version" value="Apache Ant(TM) version 1.9.6 compiled on June 29 2015" />
    <property name="project.name" value="ps1-warmup" />
    <property name="java.vm.specification.name" value="Java Virtual Machine Specification" />
    <property name="java.vm.specification.version" value="1.8" />
    <property name="sun.cpu.endian" value="little" />
    <property name="didit.desc" value="Running the tests we gave you with the problem set on your implementation." />
    <property name="sun.os.patch.level" value="Service Pack 1" />
    <property name="eclipse.pdebuild.home" value="/C:/Users/twhorten/eclipse/jee-neon/eclipse/../../../.p2/pool/plugins/org.eclipse.pde.build_3.9.200.v20160204-0642/./" />
    <property name="java.io.tmpdir" value="C:\Users\twhorten\AppData\Local\Temp\" />
    <property name="java.vendor.url.bug" value="http://bugreport.sun.com/bugreport/" />
    <property name="os.arch" value="amd64" />
    <property name="java.awt.graphicsenv" value="sun.awt.Win32GraphicsEnvironment" />
    <property name="java.ext.dirs" value="C:\Program Files\Java\jdk1.8.0_40\jre\lib\ext;C:\Windows\Sun\Java\lib\ext" />
    <property name="user.dir" value="C:\Projects\MIT 6.005\src\mit\psets\ps1" />
    <property name="line.separator" value="&#xd;&#xa;" />
    <property name="zipfile" value="my-submission.zip" />
    <property name="java.vm.name" value="Java HotSpot(TM) 64-Bit Server VM" />
    <property name="problem.set" value="ps1" />
    <property name="basedir" value="C:\Projects\MIT 6.005\src\mit\psets\ps1" />
    <property name="ant.java.version" value="1.8" />
    <property name="ant.core.lib" value="C:\Users\twhorten\.p2\pool\plugins\org.apache.ant_1.9.6.v201510161327\lib\ant.jar" />
    <property name="file.encoding" value="Cp1252" />
    <property name="java.specification.version" value="1.8" />
    <property name="grader.dir" value=".grader" />
    <property name="ant.project.invoked-targets" value="all" />
  </properties>
  <testcase classname="warmup.QuadraticTest" name="testOneRoot" time="0.005">
    <error message="not implemented yet;" type="java.lang.RuntimeException">java.lang.RuntimeException: not implemented yet;
	at warmup.Quadratic.roots(Quadratic.java:15)
	at warmup.QuadraticTest.testOneRoot(QuadraticTest.java:65)
</error>
  </testcase>
  <testcase classname="warmup.QuadraticTest" name="testAssertionsEnabled" time="0.0" />
  <testcase classname="warmup.QuadraticTest" name="testOneZeroRoot" time="0.001">
    <error message="not implemented yet;" type="java.lang.RuntimeException">java.lang.RuntimeException: not implemented yet;
	at warmup.Quadratic.roots(Quadratic.java:15)
	at warmup.QuadraticTest.testOneZeroRoot(QuadraticTest.java:59)
</error>
  </testcase>
  <testcase classname="warmup.QuadraticTest" name="testPositiveRoots" time="0.001">
    <error message="not implemented yet;" type="java.lang.RuntimeException">java.lang.RuntimeException: not implemented yet;
	at warmup.Quadratic.roots(Quadratic.java:15)
	at warmup.QuadraticTest.testPositiveRoots(QuadraticTest.java:41)
</error>
  </testcase>
  <testcase classname="warmup.QuadraticTest" name="testBothZeroRoots" time="0.001">
    <error message="not implemented yet;" type="java.lang.RuntimeException">java.lang.RuntimeException: not implemented yet;
	at warmup.Quadratic.roots(Quadratic.java:15)
	at warmup.QuadraticTest.testBothZeroRoots(QuadraticTest.java:71)
</error>
  </testcase>
  <testcase classname="warmup.QuadraticTest" name="testOppositeSignRoots" time="0.0">
    <error message="not implemented yet;" type="java.lang.RuntimeException">java.lang.RuntimeException: not implemented yet;
	at warmup.Quadratic.roots(Quadratic.java:15)
	at warmup.QuadraticTest.testOppositeSignRoots(QuadraticTest.java:53)
</error>
  </testcase>
  <testcase classname="warmup.QuadraticTest" name="testNegativeRoots" time="0.0">
    <error message="not implemented yet;" type="java.lang.RuntimeException">java.lang.RuntimeException: not implemented yet;
	at warmup.Quadratic.roots(Quadratic.java:15)
	at warmup.QuadraticTest.testNegativeRoots(QuadraticTest.java:47)
</error>
  </testcase>
  <testcase classname="warmup.QuadraticTest" name="testLargeRoots" time="0.001">
    <error message="not implemented yet;" type="java.lang.RuntimeException">java.lang.RuntimeException: not implemented yet;
	at warmup.Quadratic.roots(Quadratic.java:15)
	at warmup.QuadraticTest.testLargeRoots(QuadraticTest.java:79)
</error>
  </testcase>
  <system-out><![CDATA[]]></system-out>
  <system-err><![CDATA[]]></system-err>
</testsuite>
