<?xml version="1.0" encoding="UTF-8" ?>
<testsuite errors="7" failures="0" hostname="E077TWHORTEN-7L" name="warmup.QuadraticTest" skipped="0" tests="8" time="0.133" timestamp="2017-01-20T20:18:24">
  <properties>
[...]
</properties>
  <testcase classname="warmup.QuadraticTest" name="testOneRoot" time="0.005">
    <error message="not implemented yet;" type="java.lang.RuntimeException">java.lang.RuntimeException: not implemented yet;
	at warmup.Quadratic.roots(Quadratic.java:15)
	at warmup.QuadraticTest.testOneRoot(QuadraticTest.java:65)
</error>
  </testcase>
  <testcase classname="warmup.QuadraticTest" name="testAssertionsEnabled" time="0.0" />
  <testcase classname="warmup.QuadraticTest" name="testOneZeroRoot" time="0.001">
    <error message="not implemented yet;" type="java.lang.RuntimeException">java.lang.RuntimeException: not implemented yet;
	at warmup.Quadratic.roots(Quadratic.java:15)
	at warmup.QuadraticTest.testOneZeroRoot(QuadraticTest.java:59)
</error>
  </testcase>
  <testcase classname="warmup.QuadraticTest" name="testPositiveRoots" time="0.001">
    <error message="not implemented yet;" type="java.lang.RuntimeException">java.lang.RuntimeException: not implemented yet;
	at warmup.Quadratic.roots(Quadratic.java:15)
	at warmup.QuadraticTest.testPositiveRoots(QuadraticTest.java:41)
</error>
  </testcase>
  <testcase classname="warmup.QuadraticTest" name="testBothZeroRoots" time="0.001">
    <error message="not implemented yet;" type="java.lang.RuntimeException">java.lang.RuntimeException: not implemented yet;
	at warmup.Quadratic.roots(Quadratic.java:15)
	at warmup.QuadraticTest.testBothZeroRoots(QuadraticTest.java:71)
</error>
  </testcase>
  <testcase classname="warmup.QuadraticTest" name="testOppositeSignRoots" time="0.0">
    <error message="not implemented yet;" type="java.lang.RuntimeException">java.lang.RuntimeException: not implemented yet;
	at warmup.Quadratic.roots(Quadratic.java:15)
	at warmup.QuadraticTest.testOppositeSignRoots(QuadraticTest.java:53)
</error>
  </testcase>
  <testcase classname="warmup.QuadraticTest" name="testNegativeRoots" time="0.0">
    <error message="not implemented yet;" type="java.lang.RuntimeException">java.lang.RuntimeException: not implemented yet;
	at warmup.Quadratic.roots(Quadratic.java:15)
	at warmup.QuadraticTest.testNegativeRoots(QuadraticTest.java:47)
</error>
  </testcase>
  <testcase classname="warmup.QuadraticTest" name="testLargeRoots" time="0.001">
    <error message="not implemented yet;" type="java.lang.RuntimeException">java.lang.RuntimeException: not implemented yet;
	at warmup.Quadratic.roots(Quadratic.java:15)
	at warmup.QuadraticTest.testLargeRoots(QuadraticTest.java:79)
</error>
  </testcase>
  <system-out><![CDATA[]]></system-out>
  <system-err><![CDATA[]]></system-err>
</testsuite>
