<?xml version="1.0" encoding="UTF-8" ?>
<testsuite errors="0" failures="1" hostname="E077TWHORTEN-7L" name="warmup.staff.QuadraticTest" skipped="0" tests="3" time="0.055" timestamp="2017-01-20T21:24:04">
  <properties>
[...]
</properties>
  <testcase classname="warmup.staff.QuadraticTest" name="testRealRoots" time="0.001" />
  <testcase classname="warmup.staff.QuadraticTest" name="testComplexRoots" time="0.0" />
  <testcase classname="warmup.staff.QuadraticTest" name="testOneDegenerateRoot" time="0.003">
    <failure message="expected:&lt;[3]&gt; but was:&lt;[]&gt;" type="junit.framework.AssertionFailedError">junit.framework.AssertionFailedError: expected:&lt;[3]&gt; but was:&lt;[]&gt;
	at warmup.staff.QuadraticTest.testOneDegenerateRoot(QuadraticTest.java:30)
</failure>
  </testcase>
  <system-out><![CDATA[]]></system-out>
  <system-err><![CDATA[]]></system-err>
</testsuite>
